<?xml version="1.0" encoding="UTF-8"?>
<!-- Generated by org.testng.reporters.JUnitReportReporter -->
<testsuite hostname="DeviPrasad-PC" failures="0" tests="1" name="com.ShopperStack.TestScripts.Check_whether_User_Is_Able_To_Add_Address_Test" time="50.355" errors="0" timestamp="2024-05-29T10:27:09 IST" skipped="0">
  <testcase classname="com.ShopperStack.TestScripts.Check_whether_User_Is_Able_To_Add_Address_Test" name="addAddress" time="50.355"/>
</testsuite> <!-- com.ShopperStack.TestScripts.Check_whether_User_Is_Able_To_Add_Address_Test -->
