<?xml version="1.0" encoding="UTF-8"?>
<!-- Generated by org.testng.reporters.JUnitReportReporter -->
<testsuite hostname="DeviPrasad-PC" failures="0" tests="1" name="com.ShopperStack.TestScripts.Check_if_UserIsAbleTO_UpadateAddress" time="57.363" errors="0" timestamp="2024-05-26T20:25:44 IST" skipped="0">
  <testcase classname="com.ShopperStack.TestScripts.Check_if_UserIsAbleTO_UpadateAddress" name="updateAddress" time="57.363"/>
</testsuite> <!-- com.ShopperStack.TestScripts.Check_if_UserIsAbleTO_UpadateAddress -->
