<?xml version="1.0" encoding="UTF-8"?>
<!-- Generated by org.testng.reporters.JUnitReportReporter -->
<testsuite hostname="DeviPrasad-PC" failures="0" tests="1" name="com.ShopperStack.TestScripts.Check_if_user_is_able_to_delete_Address" time="28.573" errors="0" timestamp="2024-05-25T20:08:28 IST" skipped="0">
  <testcase classname="com.ShopperStack.TestScripts.Check_if_user_is_able_to_delete_Address" name="deleteAddress" time="28.573"/>
</testsuite> <!-- com.ShopperStack.TestScripts.Check_if_user_is_able_to_delete_Address -->
