<?xml version="1.0" encoding="UTF-8"?>
<!-- Generated by org.testng.reporters.JUnitReportReporter -->
<testsuite hostname="DeviPrasad-PC" failures="0" tests="1" name="com.ShopperStack.TestScripts.Check_Whether_User_Is_Able_To_DeleteAddress" time="22.849" errors="0" timestamp="2024-05-25T20:57:00 IST" skipped="0">
  <testcase classname="com.ShopperStack.TestScripts.Check_Whether_User_Is_Able_To_DeleteAddress" name="deleteAddress" time="22.849"/>
</testsuite> <!-- com.ShopperStack.TestScripts.Check_Whether_User_Is_Able_To_DeleteAddress -->
