<?xml version="1.0" encoding="UTF-8"?>
<!-- Generated by org.testng.reporters.JUnitReportReporter -->
<testsuite hostname="DeviPrasad-PC" failures="0" tests="1" name="com.ShopperStack.TestScripts.Check_whether_User_Is_Able_To_Add_Address" time="26.928" errors="0" timestamp="2024-05-25T15:55:59 IST" skipped="0">
  <testcase classname="com.ShopperStack.TestScripts.Check_whether_User_Is_Able_To_Add_Address" name="addAddress" time="26.928"/>
</testsuite> <!-- com.ShopperStack.TestScripts.Check_whether_User_Is_Able_To_Add_Address -->
